<?xml version="1.0" encoding="UTF-8"?>
<testsuites name="jest tests" tests="21" failures="0" errors="0" time="0.569">
  <testsuite name="Security Middleware" errors="0" failures="0" skipped="0" timestamp="2025-04-16T07:30:33" time="0.232" tests="3">
    <testcase classname="Security Middleware Security Headers Middleware should set security headers correctly" name="Security Middleware Security Headers Middleware should set security headers correctly" time="0.011">
    </testcase>
    <testcase classname="Security Middleware CSP Middleware should set Content-Security-Policy header in development mode" name="Security Middleware CSP Middleware should set Content-Security-Policy header in development mode" time="0.003">
    </testcase>
    <testcase classname="Security Middleware CSP Middleware should set Content-Security-Policy header in production mode" name="Security Middleware CSP Middleware should set Content-Security-Policy header in production mode" time="0.002">
    </testcase>
  </testsuite>
  <testsuite name="Auth Middleware" errors="0" failures="0" skipped="0" timestamp="2025-04-16T07:30:33" time="0.5" tests="18">
    <testcase classname="Auth Middleware authenticate middleware should return 401 if no token is provided" name="Auth Middleware authenticate middleware should return 401 if no token is provided" time="0.003">
    </testcase>
    <testcase classname="Auth Middleware authenticate middleware should authenticate user with token in Authorization header" name="Auth Middleware authenticate middleware should authenticate user with token in Authorization header" time="0.003">
    </testcase>
    <testcase classname="Auth Middleware authenticate middleware should authenticate user with token in cookie" name="Auth Middleware authenticate middleware should authenticate user with token in cookie" time="0">
    </testcase>
    <testcase classname="Auth Middleware authenticate middleware should return 401 if token is blacklisted" name="Auth Middleware authenticate middleware should return 401 if token is blacklisted" time="0.001">
    </testcase>
    <testcase classname="Auth Middleware authenticate middleware should return 401 if user is not found" name="Auth Middleware authenticate middleware should return 401 if user is not found" time="0">
    </testcase>
    <testcase classname="Auth Middleware authenticate middleware should return 401 if user account is locked" name="Auth Middleware authenticate middleware should return 401 if user account is locked" time="0.002">
    </testcase>
    <testcase classname="Auth Middleware authenticate middleware should return 401 if password was changed after token issuance" name="Auth Middleware authenticate middleware should return 401 if password was changed after token issuance" time="0">
    </testcase>
    <testcase classname="Auth Middleware authenticate middleware should return 401 if token is expired" name="Auth Middleware authenticate middleware should return 401 if token is expired" time="0">
    </testcase>
    <testcase classname="Auth Middleware authenticate middleware should return 401 if token is invalid" name="Auth Middleware authenticate middleware should return 401 if token is invalid" time="0.001">
    </testcase>
    <testcase classname="Auth Middleware authenticate middleware should return 500 for other errors" name="Auth Middleware authenticate middleware should return 500 for other errors" time="0">
    </testcase>
    <testcase classname="Auth Middleware optionalAuth middleware should continue without authentication if no token is provided" name="Auth Middleware optionalAuth middleware should continue without authentication if no token is provided" time="0">
    </testcase>
    <testcase classname="Auth Middleware optionalAuth middleware should authenticate user if valid token is provided" name="Auth Middleware optionalAuth middleware should authenticate user if valid token is provided" time="0.001">
    </testcase>
    <testcase classname="Auth Middleware optionalAuth middleware should continue without authentication if token is blacklisted" name="Auth Middleware optionalAuth middleware should continue without authentication if token is blacklisted" time="0">
    </testcase>
    <testcase classname="Auth Middleware optionalAuth middleware should continue without authentication if token verification fails" name="Auth Middleware optionalAuth middleware should continue without authentication if token verification fails" time="0">
    </testcase>
    <testcase classname="Auth Middleware restrictTo middleware should return 401 if user is not authenticated" name="Auth Middleware restrictTo middleware should return 401 if user is not authenticated" time="0">
    </testcase>
    <testcase classname="Auth Middleware restrictTo middleware should return 403 if user does not have required role" name="Auth Middleware restrictTo middleware should return 403 if user does not have required role" time="0">
    </testcase>
    <testcase classname="Auth Middleware restrictTo middleware should call next if user has required role" name="Auth Middleware restrictTo middleware should call next if user has required role" time="0">
    </testcase>
    <testcase classname="Auth Middleware restrictTo middleware should call next if user has one of multiple required roles" name="Auth Middleware restrictTo middleware should call next if user has one of multiple required roles" time="0">
    </testcase>
  </testsuite>
</testsuites>