<?xml version="1.0" encoding="UTF-8"?>
<testsuites name="jest tests" tests="3" failures="0" errors="0" time="0.185">
  <testsuite name="Security Middleware" errors="0" failures="0" skipped="0" timestamp="2025-04-18T11:57:48" time="0.173" tests="3">
    <testcase classname="Security Middleware Security Headers Middleware should set security headers correctly" name="Security Middleware Security Headers Middleware should set security headers correctly" time="0.013">
    </testcase>
    <testcase classname="Security Middleware CSP Middleware should set Content-Security-Policy header in development mode" name="Security Middleware CSP Middleware should set Content-Security-Policy header in development mode" time="0.004">
    </testcase>
    <testcase classname="Security Middleware CSP Middleware should set Content-Security-Policy header in production mode" name="Security Middleware CSP Middleware should set Content-Security-Policy header in production mode" time="0.004">
    </testcase>
  </testsuite>
</testsuites>